# JRE version: OpenJDK Runtime Environment (23.0.1+11) (build 23.0.1+11-39)
# Java VM: OpenJDK 64-Bit Server VM (23.0.1+11-39, mixed mode, sharing, tiered, compressed oops, compressed class ptrs, g1 gc, linux-amd64)
GC Precious Log:
 CardTable entry size: 512
 Card Set container configuration: InlinePtr #cards 4 size 8 Array Of Cards #cards 16 size 48 Howl #buckets 8 coarsen threshold 3686 Howl Bitmap #cards 512 size 80 coarsen threshold 460 Card regions per heap region 1 cards per card region 4096
 CPUs: 20 total, 20 available
 Memory: 15611M
 Large Page Support: Disabled
 NUMA Support: Disabled
 Compressed Oops: Enabled (Zero based)
 Heap Region Size: 2M
 Heap Min Capacity: 8M
 Heap Initial Capacity: 244M
 Heap Max Capacity: 3904M
 Pre-touch: Disabled
 Parallel Workers: 15
 Concurrent Workers: 4
 Concurrent Refinement Workers: 15
 Periodic GC: Disabled
Heap:
 garbage-first heap   total reserved 3997696K, committed 71680K, used 55915K [0x000000070c000000, 0x0000000800000000)
  region size 2048K, 16 young (32768K), 2 survivors (4096K)
 Metaspace       used 67543K, committed 68160K, reserved 1114112K
  class space    used 9574K, committed 9856K, reserved 1048576K
GC Heap History (20 events):
Event: 4.618 GC heap after
{Heap after GC invocations=3 (full 0):
 garbage-first heap   total reserved 3997696K, committed 251904K, used 16095K [0x000000070c000000, 0x0000000800000000)
  region size 2048K, 3 young (6144K), 3 survivors (6144K)
 Metaspace       used 21195K, committed 21504K, reserved 1114112K
  class space    used 2992K, committed 3136K, reserved 1048576K
}
Event: 6.111 GC heap before
{Heap before GC invocations=4 (full 0):
 garbage-first heap   total reserved 3997696K, committed 61440K, used 57055K [0x000000070c000000, 0x0000000800000000)
  region size 2048K, 24 young (49152K), 3 survivors (6144K)
 Metaspace       used 33713K, committed 34112K, reserved 1114112K
  class space    used 4558K, committed 4736K, reserved 1048576K
}
Event: 6.116 GC heap after
{Heap after GC invocations=5 (full 0):
 garbage-first heap   total reserved 3997696K, committed 71680K, used 19305K [0x000000070c000000, 0x0000000800000000)
  region size 2048K, 5 young (10240K), 5 survivors (10240K)
 Metaspace       used 33713K, committed 34112K, reserved 1114112K
  class space    used 4558K, committed 4736K, reserved 1048576K
}
Event: 6.243 GC heap before
{Heap before GC invocations=5 (full 0):
 garbage-first heap   total reserved 3997696K, committed 71680K, used 21353K [0x000000070c000000, 0x0000000800000000)
  region size 2048K, 7 young (14336K), 5 survivors (10240K)
 Metaspace       used 35574K, committed 35968K, reserved 1114112K
  class space    used 4800K, committed 4992K, reserved 1048576K
}
Event: 6.246 GC heap after
{Heap after GC invocations=6 (full 0):
 garbage-first heap   total reserved 3997696K, committed 71680K, used 19908K [0x000000070c000000, 0x0000000800000000)
  region size 2048K, 2 young (4096K), 2 survivors (4096K)
 Metaspace       used 35574K, committed 35968K, reserved 1114112K
  class space    used 4800K, committed 4992K, reserved 1048576K
}
Event: 6.254 GC heap before
{Heap before GC invocations=6 (full 0):
 garbage-first heap   total reserved 3997696K, committed 71680K, used 19908K [0x000000070c000000, 0x0000000800000000)
  region size 2048K, 3 young (6144K), 2 survivors (4096K)
 Metaspace       used 35859K, committed 36288K, reserved 1114112K
  class space    used 4829K, committed 5056K, reserved 1048576K
}
Event: 6.256 GC heap after
{Heap after GC invocations=7 (full 0):
 garbage-first heap   total reserved 3997696K, committed 71680K, used 20118K [0x000000070c000000, 0x0000000800000000)
  region size 2048K, 1 young (2048K), 1 survivors (2048K)
 Metaspace       used 35859K, committed 36288K, reserved 1114112K
  class space    used 4829K, committed 5056K, reserved 1048576K
}
Event: 7.213 GC heap before
{Heap before GC invocations=8 (full 0):
 garbage-first heap   total reserved 3997696K, committed 71680K, used 50838K [0x000000070c000000, 0x0000000800000000)
  region size 2048K, 17 young (34816K), 1 survivors (2048K)
 Metaspace       used 41897K, committed 42368K, reserved 1114112K
  class space    used 5609K, committed 5824K, reserved 1048576K
}
Event: 7.215 GC heap after
{Heap after GC invocations=9 (full 0):
 garbage-first heap   total reserved 3997696K, committed 71680K, used 21541K [0x000000070c000000, 0x0000000800000000)
  region size 2048K, 2 young (4096K), 2 survivors (4096K)
 Metaspace       used 41897K, committed 42368K, reserved 1114112K
  class space    used 5609K, committed 5824K, reserved 1048576K
}
Event: 7.545 GC heap before
{Heap before GC invocations=9 (full 0):
 garbage-first heap   total reserved 3997696K, committed 71680K, used 54309K [0x000000070c000000, 0x0000000800000000)
  region size 2048K, 18 young (36864K), 2 survivors (4096K)
 Metaspace       used 48260K, committed 48768K, reserved 1114112K
  class space    used 6545K, committed 6784K, reserved 1048576K
}
Event: 7.548 GC heap after
{Heap after GC invocations=10 (full 0):
 garbage-first heap   total reserved 3997696K, committed 71680K, used 22204K [0x000000070c000000, 0x0000000800000000)
  region size 2048K, 2 young (4096K), 2 survivors (4096K)
 Metaspace       used 48260K, committed 48768K, reserved 1114112K
  class space    used 6545K, committed 6784K, reserved 1048576K
}
Event: 7.798 GC heap before
{Heap before GC invocations=10 (full 0):
 garbage-first heap   total reserved 3997696K, committed 71680K, used 54972K [0x000000070c000000, 0x0000000800000000)
  region size 2048K, 19 young (38912K), 2 survivors (4096K)
 Metaspace       used 54521K, committed 55040K, reserved 1114112K
  class space    used 7519K, committed 7744K, reserved 1048576K
}
Event: 7.800 GC heap after
{Heap after GC invocations=11 (full 0):
 garbage-first heap   total reserved 3997696K, committed 71680K, used 23407K [0x000000070c000000, 0x0000000800000000)
  region size 2048K, 3 young (6144K), 3 survivors (6144K)
 Metaspace       used 54521K, committed 55040K, reserved 1114112K
  class space    used 7519K, committed 7744K, reserved 1048576K
}
Event: 11.038 GC heap before
{Heap before GC invocations=11 (full 0):
 garbage-first heap   total reserved 3997696K, committed 71680K, used 56175K [0x000000070c000000, 0x0000000800000000)
  region size 2048K, 19 young (38912K), 3 survivors (6144K)
 Metaspace       used 60122K, committed 60736K, reserved 1114112K
  class space    used 8283K, committed 8576K, reserved 1048576K
}
Event: 11.042 GC heap after
{Heap after GC invocations=12 (full 0):
 garbage-first heap   total reserved 3997696K, committed 71680K, used 25826K [0x000000070c000000, 0x0000000800000000)
  region size 2048K, 3 young (6144K), 3 survivors (6144K)
 Metaspace       used 60122K, committed 60736K, reserved 1114112K
  class space    used 8283K, committed 8576K, reserved 1048576K
}
Event: 11.057 GC heap before
{Heap before GC invocations=12 (full 0):
 garbage-first heap   total reserved 3997696K, committed 71680K, used 25826K [0x000000070c000000, 0x0000000800000000)
  region size 2048K, 4 young (8192K), 3 survivors (6144K)
 Metaspace       used 60380K, committed 60928K, reserved 1114112K
  class space    used 8320K, committed 8576K, reserved 1048576K
}
Event: 11.060 GC heap after
{Heap after GC invocations=13 (full 0):
 garbage-first heap   total reserved 3997696K, committed 71680K, used 26098K [0x000000070c000000, 0x0000000800000000)
  region size 2048K, 2 young (4096K), 2 survivors (4096K)
 Metaspace       used 60380K, committed 60928K, reserved 1114112K
  class space    used 8320K, committed 8576K, reserved 1048576K
}
Event: 11.162 GC heap before
{Heap before GC invocations=14 (full 0):
 garbage-first heap   total reserved 3997696K, committed 71680K, used 54770K [0x000000070c000000, 0x0000000800000000)
  region size 2048K, 17 young (34816K), 2 survivors (4096K)
 Metaspace       used 62349K, committed 62976K, reserved 1114112K
  class space    used 8777K, committed 9088K, reserved 1048576K
}
Event: 11.164 GC heap after
{Heap after GC invocations=15 (full 0):
 garbage-first heap   total reserved 3997696K, committed 71680K, used 27243K [0x000000070c000000, 0x0000000800000000)
  region size 2048K, 3 young (6144K), 3 survivors (6144K)
 Metaspace       used 62349K, committed 62976K, reserved 1114112K
  class space    used 8777K, committed 9088K, reserved 1048576K
}
Event: 16.836 GC heap before
{Heap before GC invocations=15 (full 0):
 garbage-first heap   total reserved 3997696K, committed 71680K, used 55915K [0x000000070c000000, 0x0000000800000000)
  region size 2048K, 17 young (34816K), 3 survivors (6144K)
 Metaspace       used 67543K, committed 68160K, reserved 1114112K
  class space    used 9574K, committed 9856K, reserved 1048576K
}

