# JRE version: OpenJDK Runtime Environment Corretto-21.0.5.11.1 (21.0.5+11) (build 21.0.5+11-LTS)
# Java VM: OpenJDK 64-Bit Server VM Corretto-21.0.5.11.1 (21.0.5+11-LTS, mixed mode, sharing, tiered, compressed oops, compressed class ptrs, g1 gc, linux-amd64)
GC Precious Log:
 CardTable entry size: 512
 Card Set container configuration: InlinePtr #cards 4 size 8 Array Of Cards #cards 16 size 48 Howl #buckets 8 coarsen threshold 3686 Howl Bitmap #cards 512 size 80 coarsen threshold 460 Card regions per heap region 1 cards per card region 4096
 CPUs: 20 total, 20 available
 Memory: 15611M
 Large Page Support: Disabled
 NUMA Support: Disabled
 Compressed Oops: Enabled (Zero based)
 Heap Region Size: 2M
 Heap Min Capacity: 8M
 Heap Initial Capacity: 244M
 Heap Max Capacity: 3904M
 Pre-touch: Disabled
 Parallel Workers: 15
 Concurrent Workers: 4
 Concurrent Refinement Workers: 15
 Periodic GC: Disabled
Heap:
 garbage-first heap   total 81920K, used 74278K [0x000000070c000000, 0x0000000800000000)
  region size 2048K, 31 young (63488K), 4 survivors (8192K)
 Metaspace       used 66988K, committed 67648K, reserved 1114112K
  class space    used 9138K, committed 9472K, reserved 1048576K
GC Heap History (16 events):
Event: 0.170 GC heap before
{Heap before GC invocations=0 (full 0):
 garbage-first heap   total 251904K, used 21553K [0x000000070c000000, 0x0000000800000000)
  region size 2048K, 11 young (22528K), 0 survivors (0K)
 Metaspace       used 2555K, committed 2752K, reserved 1114112K
  class space    used 253K, committed 384K, reserved 1048576K
}
Event: 0.173 GC heap after
{Heap after GC invocations=1 (full 0):
 garbage-first heap   total 251904K, used 3377K [0x000000070c000000, 0x0000000800000000)
  region size 2048K, 2 young (4096K), 2 survivors (4096K)
 Metaspace       used 2555K, committed 2752K, reserved 1114112K
  class space    used 253K, committed 384K, reserved 1048576K
}
Event: 0.681 GC heap before
{Heap before GC invocations=1 (full 0):
 garbage-first heap   total 251904K, used 58673K [0x000000070c000000, 0x0000000800000000)
  region size 2048K, 30 young (61440K), 2 survivors (4096K)
 Metaspace       used 21172K, committed 21504K, reserved 1114112K
  class space    used 2478K, committed 2624K, reserved 1048576K
}
Event: 0.687 GC heap after
{Heap after GC invocations=2 (full 0):
 garbage-first heap   total 251904K, used 10191K [0x000000070c000000, 0x0000000800000000)
  region size 2048K, 5 young (10240K), 5 survivors (10240K)
 Metaspace       used 21172K, committed 21504K, reserved 1114112K
  class space    used 2478K, committed 2624K, reserved 1048576K
}
Event: 2.595 GC heap before
{Heap before GC invocations=3 (full 0):
 garbage-first heap   total 40960K, used 38863K [0x000000070c000000, 0x0000000800000000)
  region size 2048K, 19 young (38912K), 5 survivors (10240K)
 Metaspace       used 30470K, committed 30848K, reserved 1114112K
  class space    used 3576K, committed 3712K, reserved 1048576K
}
Event: 2.602 GC heap after
{Heap after GC invocations=4 (full 0):
 garbage-first heap   total 53248K, used 12956K [0x000000070c000000, 0x0000000800000000)
  region size 2048K, 5 young (10240K), 5 survivors (10240K)
 Metaspace       used 30470K, committed 30848K, reserved 1114112K
  class space    used 3576K, committed 3712K, reserved 1048576K
}
Event: 2.701 GC heap before
{Heap before GC invocations=4 (full 0):
 garbage-first heap   total 53248K, used 33436K [0x000000070c000000, 0x0000000800000000)
  region size 2048K, 15 young (30720K), 5 survivors (10240K)
 Metaspace       used 33161K, committed 33600K, reserved 1114112K
  class space    used 3919K, committed 4160K, reserved 1048576K
}
Event: 2.705 GC heap after
{Heap after GC invocations=5 (full 0):
 garbage-first heap   total 53248K, used 13537K [0x000000070c000000, 0x0000000800000000)
  region size 2048K, 1 young (2048K), 1 survivors (2048K)
 Metaspace       used 33161K, committed 33600K, reserved 1114112K
  class space    used 3919K, committed 4160K, reserved 1048576K
}
Event: 2.976 GC heap before
{Heap before GC invocations=5 (full 0):
 garbage-first heap   total 53248K, used 23777K [0x000000070c000000, 0x0000000800000000)
  region size 2048K, 7 young (14336K), 1 survivors (2048K)
 Metaspace       used 35724K, committed 36096K, reserved 1114112K
  class space    used 4340K, committed 4544K, reserved 1048576K
}
Event: 2.977 GC heap after
{Heap after GC invocations=6 (full 0):
 garbage-first heap   total 53248K, used 13580K [0x000000070c000000, 0x0000000800000000)
  region size 2048K, 1 young (2048K), 1 survivors (2048K)
 Metaspace       used 35724K, committed 36096K, reserved 1114112K
  class space    used 4340K, committed 4544K, reserved 1048576K
}
Event: 3.138 GC heap before
{Heap before GC invocations=7 (full 0):
 garbage-first heap   total 49152K, used 40204K [0x000000070c000000, 0x0000000800000000)
  region size 2048K, 15 young (30720K), 1 survivors (2048K)
 Metaspace       used 42465K, committed 42880K, reserved 1114112K
  class space    used 5353K, committed 5568K, reserved 1048576K
}
Event: 3.140 GC heap after
{Heap after GC invocations=8 (full 0):
 garbage-first heap   total 149504K, used 14474K [0x000000070c000000, 0x0000000800000000)
  region size 2048K, 2 young (4096K), 2 survivors (4096K)
 Metaspace       used 42465K, committed 42880K, reserved 1114112K
  class space    used 5353K, committed 5568K, reserved 1048576K
}
Event: 8.695 GC heap before
{Heap before GC invocations=8 (full 0):
 garbage-first heap   total 149504K, used 96394K [0x000000070c000000, 0x0000000800000000)
  region size 2048K, 43 young (88064K), 2 survivors (4096K)
 Metaspace       used 56197K, committed 56768K, reserved 1114112K
  class space    used 7413K, committed 7680K, reserved 1048576K
}
Event: 8.701 GC heap after
{Heap after GC invocations=9 (full 0):
 garbage-first heap   total 149504K, used 19462K [0x000000070c000000, 0x0000000800000000)
  region size 2048K, 4 young (8192K), 4 survivors (8192K)
 Metaspace       used 56197K, committed 56768K, reserved 1114112K
  class space    used 7413K, committed 7680K, reserved 1048576K
}
Event: 12.448 GC heap before
{Heap before GC invocations=9 (full 0):
 garbage-first heap   total 149504K, used 41990K [0x000000070c000000, 0x0000000800000000)
  region size 2048K, 15 young (30720K), 4 survivors (8192K)
 Metaspace       used 60101K, committed 60608K, reserved 1114112K
  class space    used 8031K, committed 8256K, reserved 1048576K
}
Event: 12.454 GC heap after
{Heap after GC invocations=10 (full 0):
 garbage-first heap   total 149504K, used 23078K [0x000000070c000000, 0x0000000800000000)
  region size 2048K, 4 young (8192K), 4 survivors (8192K)
 Metaspace       used 60101K, committed 60608K, reserved 1114112K
  class space    used 8031K, committed 8256K, reserved 1048576K
}

