# JRE version: OpenJDK Runtime Environment (23.0.1+11) (build 23.0.1+11-39)
# Java VM: OpenJDK 64-Bit Server VM (23.0.1+11-39, mixed mode, sharing, tiered, compressed oops, compressed class ptrs, g1 gc, linux-amd64)
GC Precious Log:
 CardTable entry size: 512
 Card Set container configuration: InlinePtr #cards 4 size 8 Array Of Cards #cards 16 size 48 Howl #buckets 8 coarsen threshold 3686 Howl Bitmap #cards 512 size 80 coarsen threshold 460 Card regions per heap region 1 cards per card region 4096
 CPUs: 20 total, 20 available
 Memory: 15611M
 Large Page Support: Disabled
 NUMA Support: Disabled
 Compressed Oops: Enabled (Zero based)
 Heap Region Size: 2M
 Heap Min Capacity: 8M
 Heap Initial Capacity: 244M
 Heap Max Capacity: 3904M
 Pre-touch: Disabled
 Parallel Workers: 15
 Concurrent Workers: 4
 Concurrent Refinement Workers: 15
 Periodic GC: Disabled
Heap:
 garbage-first heap   total reserved 3997696K, committed 61440K, used 55737K [0x000000070c000000, 0x0000000800000000)
  region size 2048K, 11 young (22528K), 1 survivors (2048K)
 Metaspace       used 69613K, committed 70208K, reserved 1114112K
  class space    used 9839K, committed 10112K, reserved 1048576K
GC Heap History (20 events):
Event: 2.647 GC heap before
{Heap before GC invocations=5 (full 0):
 garbage-first heap   total reserved 3997696K, committed 61440K, used 39708K [0x000000070c000000, 0x0000000800000000)
  region size 2048K, 16 young (32768K), 3 survivors (6144K)
 Metaspace       used 35655K, committed 35968K, reserved 1114112K
  class space    used 4405K, committed 4544K, reserved 1048576K
}
Event: 2.651 GC heap after
{Heap after GC invocations=6 (full 0):
 garbage-first heap   total reserved 3997696K, committed 61440K, used 17031K [0x000000070c000000, 0x0000000800000000)
  region size 2048K, 1 young (2048K), 1 survivors (2048K)
 Metaspace       used 35655K, committed 35968K, reserved 1114112K
  class space    used 4405K, committed 4544K, reserved 1048576K
}
Event: 2.664 GC heap before
{Heap before GC invocations=6 (full 0):
 garbage-first heap   total reserved 3997696K, committed 61440K, used 17031K [0x000000070c000000, 0x0000000800000000)
  region size 2048K, 2 young (4096K), 1 survivors (2048K)
 Metaspace       used 35978K, committed 36288K, reserved 1114112K
  class space    used 4473K, committed 4608K, reserved 1048576K
}
Event: 2.665 GC heap after
{Heap after GC invocations=7 (full 0):
 garbage-first heap   total reserved 3997696K, committed 61440K, used 16548K [0x000000070c000000, 0x0000000800000000)
  region size 2048K, 1 young (2048K), 1 survivors (2048K)
 Metaspace       used 35978K, committed 36288K, reserved 1114112K
  class space    used 4473K, committed 4608K, reserved 1048576K
}
Event: 2.836 GC heap before
{Heap before GC invocations=8 (full 0):
 garbage-first heap   total reserved 3997696K, committed 61440K, used 43172K [0x000000070c000000, 0x0000000800000000)
  region size 2048K, 15 young (30720K), 1 survivors (2048K)
 Metaspace       used 42901K, committed 43392K, reserved 1114112K
  class space    used 5524K, committed 5760K, reserved 1048576K
}
Event: 2.837 GC heap after
{Heap after GC invocations=9 (full 0):
 garbage-first heap   total reserved 3997696K, committed 61440K, used 17337K [0x000000070c000000, 0x0000000800000000)
  region size 2048K, 2 young (4096K), 2 survivors (4096K)
 Metaspace       used 42901K, committed 43392K, reserved 1114112K
  class space    used 5524K, committed 5760K, reserved 1048576K
}
Event: 3.068 GC heap before
{Heap before GC invocations=9 (full 0):
 garbage-first heap   total reserved 3997696K, committed 61440K, used 46009K [0x000000070c000000, 0x0000000800000000)
  region size 2048K, 16 young (32768K), 2 survivors (4096K)
 Metaspace       used 46094K, committed 46528K, reserved 1114112K
  class space    used 6054K, committed 6272K, reserved 1048576K
}
Event: 3.070 GC heap after
{Heap after GC invocations=10 (full 0):
 garbage-first heap   total reserved 3997696K, committed 61440K, used 17810K [0x000000070c000000, 0x0000000800000000)
  region size 2048K, 1 young (2048K), 1 survivors (2048K)
 Metaspace       used 46094K, committed 46528K, reserved 1114112K
  class space    used 6054K, committed 6272K, reserved 1048576K
}
Event: 3.709 GC heap before
{Heap before GC invocations=10 (full 0):
 garbage-first heap   total reserved 3997696K, committed 61440K, used 46482K [0x000000070c000000, 0x0000000800000000)
  region size 2048K, 16 young (32768K), 1 survivors (2048K)
 Metaspace       used 50373K, committed 50944K, reserved 1114112K
  class space    used 6729K, committed 6976K, reserved 1048576K
}
Event: 3.711 GC heap after
{Heap after GC invocations=11 (full 0):
 garbage-first heap   total reserved 3997696K, committed 61440K, used 19224K [0x000000070c000000, 0x0000000800000000)
  region size 2048K, 2 young (4096K), 2 survivors (4096K)
 Metaspace       used 50373K, committed 50944K, reserved 1114112K
  class space    used 6729K, committed 6976K, reserved 1048576K
}
Event: 8.058 GC heap before
{Heap before GC invocations=11 (full 0):
 garbage-first heap   total reserved 3997696K, committed 61440K, used 47896K [0x000000070c000000, 0x0000000800000000)
  region size 2048K, 17 young (34816K), 2 survivors (4096K)
 Metaspace       used 56150K, committed 56768K, reserved 1114112K
  class space    used 7601K, committed 7872K, reserved 1048576K
}
Event: 8.060 GC heap after
{Heap after GC invocations=12 (full 0):
 garbage-first heap   total reserved 3997696K, committed 61440K, used 21921K [0x000000070c000000, 0x0000000800000000)
  region size 2048K, 3 young (6144K), 3 survivors (6144K)
 Metaspace       used 56150K, committed 56768K, reserved 1114112K
  class space    used 7601K, committed 7872K, reserved 1048576K
}
Event: 8.295 GC heap before
{Heap before GC invocations=12 (full 0):
 garbage-first heap   total reserved 3997696K, committed 61440K, used 44449K [0x000000070c000000, 0x0000000800000000)
  region size 2048K, 15 young (30720K), 3 survivors (6144K)
 Metaspace       used 60237K, committed 60800K, reserved 1114112K
  class space    used 8369K, committed 8576K, reserved 1048576K
}
Event: 8.298 GC heap after
{Heap after GC invocations=13 (full 0):
 garbage-first heap   total reserved 3997696K, committed 61440K, used 26396K [0x000000070c000000, 0x0000000800000000)
  region size 2048K, 2 young (4096K), 2 survivors (4096K)
 Metaspace       used 60237K, committed 60800K, reserved 1114112K
  class space    used 8369K, committed 8576K, reserved 1048576K
}
Event: 21.481 GC heap before
{Heap before GC invocations=14 (full 0):
 garbage-first heap   total reserved 3997696K, committed 61440K, used 48924K [0x000000070c000000, 0x0000000800000000)
  region size 2048K, 14 young (28672K), 2 survivors (4096K)
 Metaspace       used 63089K, committed 63616K, reserved 1114112K
  class space    used 8849K, committed 9088K, reserved 1048576K
}
Event: 21.483 GC heap after
{Heap after GC invocations=15 (full 0):
 garbage-first heap   total reserved 3997696K, committed 61440K, used 29473K [0x000000070c000000, 0x0000000800000000)
  region size 2048K, 2 young (4096K), 2 survivors (4096K)
 Metaspace       used 63089K, committed 63616K, reserved 1114112K
  class space    used 8849K, committed 9088K, reserved 1048576K
}
Event: 21.561 GC heap before
{Heap before GC invocations=15 (full 0):
 garbage-first heap   total reserved 3997696K, committed 61440K, used 49953K [0x000000070c000000, 0x0000000800000000)
  region size 2048K, 12 young (24576K), 2 survivors (4096K)
 Metaspace       used 65862K, committed 66432K, reserved 1114112K
  class space    used 9248K, committed 9472K, reserved 1048576K
}
Event: 21.562 GC heap after
{Heap after GC invocations=16 (full 0):
 garbage-first heap   total reserved 3997696K, committed 61440K, used 28344K [0x000000070c000000, 0x0000000800000000)
  region size 2048K, 1 young (2048K), 1 survivors (2048K)
 Metaspace       used 65862K, committed 66432K, reserved 1114112K
  class space    used 9248K, committed 9472K, reserved 1048576K
}
Event: 24.049 GC heap before
{Heap before GC invocations=16 (full 0):
 garbage-first heap   total reserved 3997696K, committed 61440K, used 32440K [0x000000070c000000, 0x0000000800000000)
  region size 2048K, 5 young (10240K), 1 survivors (2048K)
 Metaspace       used 66890K, committed 67456K, reserved 1114112K
  class space    used 9368K, committed 9600K, reserved 1048576K
}
Event: 24.050 GC heap after
{Heap after GC invocations=17 (full 0):
 garbage-first heap   total reserved 3997696K, committed 61440K, used 29113K [0x000000070c000000, 0x0000000800000000)
  region size 2048K, 1 young (2048K), 1 survivors (2048K)
 Metaspace       used 66890K, committed 67456K, reserved 1114112K
  class space    used 9368K, committed 9600K, reserved 1048576K
}

