# JRE version: OpenJDK Runtime Environment (23.0.1+11) (build 23.0.1+11-39)
# Java VM: OpenJDK 64-Bit Server VM (23.0.1+11-39, mixed mode, sharing, tiered, compressed oops, compressed class ptrs, g1 gc, linux-amd64)
GC Precious Log:
 CardTable entry size: 512
 Card Set container configuration: InlinePtr #cards 4 size 8 Array Of Cards #cards 16 size 48 Howl #buckets 8 coarsen threshold 3686 Howl Bitmap #cards 512 size 80 coarsen threshold 460 Card regions per heap region 1 cards per card region 4096
 CPUs: 20 total, 20 available
 Memory: 15611M
 Large Page Support: Disabled
 NUMA Support: Disabled
 Compressed Oops: Enabled (Zero based)
 Heap Region Size: 2M
 Heap Min Capacity: 8M
 Heap Initial Capacity: 244M
 Heap Max Capacity: 3904M
 Pre-touch: Disabled
 Parallel Workers: 15
 Concurrent Workers: 4
 Concurrent Refinement Workers: 15
 Periodic GC: Disabled
Heap:
 garbage-first heap   total reserved 3997696K, committed 67584K, used 54057K [0x000000070c000000, 0x0000000800000000)
  region size 2048K, 15 young (30720K), 2 survivors (4096K)
 Metaspace       used 66663K, committed 67264K, reserved 1114112K
  class space    used 9407K, committed 9664K, reserved 1048576K
GC Heap History (20 events):
Event: 5.036 GC heap after
{Heap after GC invocations=3 (full 0):
 garbage-first heap   total reserved 3997696K, committed 251904K, used 14627K [0x000000070c000000, 0x0000000800000000)
  region size 2048K, 4 young (8192K), 4 survivors (8192K)
 Metaspace       used 21137K, committed 21504K, reserved 1114112K
  class space    used 3000K, committed 3200K, reserved 1048576K
}
Event: 8.393 GC heap before
{Heap before GC invocations=4 (full 0):
 garbage-first heap   total reserved 3997696K, committed 55296K, used 53539K [0x000000070c000000, 0x0000000800000000)
  region size 2048K, 23 young (47104K), 4 survivors (8192K)
 Metaspace       used 31278K, committed 31744K, reserved 1114112K
  class space    used 4296K, committed 4480K, reserved 1048576K
}
Event: 8.398 GC heap after
{Heap after GC invocations=5 (full 0):
 garbage-first heap   total reserved 3997696K, committed 67584K, used 18010K [0x000000070c000000, 0x0000000800000000)
  region size 2048K, 4 young (8192K), 4 survivors (8192K)
 Metaspace       used 31278K, committed 31744K, reserved 1114112K
  class space    used 4296K, committed 4480K, reserved 1048576K
}
Event: 8.909 GC heap before
{Heap before GC invocations=5 (full 0):
 garbage-first heap   total reserved 3997696K, committed 67584K, used 24154K [0x000000070c000000, 0x0000000800000000)
  region size 2048K, 8 young (16384K), 4 survivors (8192K)
 Metaspace       used 35512K, committed 35968K, reserved 1114112K
  class space    used 4795K, committed 4992K, reserved 1048576K
}
Event: 8.914 GC heap after
{Heap after GC invocations=6 (full 0):
 garbage-first heap   total reserved 3997696K, committed 67584K, used 18914K [0x000000070c000000, 0x0000000800000000)
  region size 2048K, 2 young (4096K), 2 survivors (4096K)
 Metaspace       used 35512K, committed 35968K, reserved 1114112K
  class space    used 4795K, committed 4992K, reserved 1048576K
}
Event: 8.927 GC heap before
{Heap before GC invocations=6 (full 0):
 garbage-first heap   total reserved 3997696K, committed 67584K, used 18914K [0x000000070c000000, 0x0000000800000000)
  region size 2048K, 3 young (6144K), 2 survivors (4096K)
 Metaspace       used 35868K, committed 36288K, reserved 1114112K
  class space    used 4842K, committed 5056K, reserved 1048576K
}
Event: 8.928 GC heap after
{Heap after GC invocations=7 (full 0):
 garbage-first heap   total reserved 3997696K, committed 67584K, used 19241K [0x000000070c000000, 0x0000000800000000)
  region size 2048K, 1 young (2048K), 1 survivors (2048K)
 Metaspace       used 35868K, committed 36288K, reserved 1114112K
  class space    used 4842K, committed 5056K, reserved 1048576K
}
Event: 9.997 GC heap before
{Heap before GC invocations=8 (full 0):
 garbage-first heap   total reserved 3997696K, committed 67584K, used 47913K [0x000000070c000000, 0x0000000800000000)
  region size 2048K, 16 young (32768K), 1 survivors (2048K)
 Metaspace       used 41603K, committed 42048K, reserved 1114112K
  class space    used 5579K, committed 5824K, reserved 1048576K
}
Event: 9.999 GC heap after
{Heap after GC invocations=9 (full 0):
 garbage-first heap   total reserved 3997696K, committed 67584K, used 20630K [0x000000070c000000, 0x0000000800000000)
  region size 2048K, 2 young (4096K), 2 survivors (4096K)
 Metaspace       used 41603K, committed 42048K, reserved 1114112K
  class space    used 5579K, committed 5824K, reserved 1048576K
}
Event: 10.372 GC heap before
{Heap before GC invocations=9 (full 0):
 garbage-first heap   total reserved 3997696K, committed 67584K, used 51350K [0x000000070c000000, 0x0000000800000000)
  region size 2048K, 17 young (34816K), 2 survivors (4096K)
 Metaspace       used 47589K, committed 48064K, reserved 1114112K
  class space    used 6434K, committed 6656K, reserved 1048576K
}
Event: 10.374 GC heap after
{Heap after GC invocations=10 (full 0):
 garbage-first heap   total reserved 3997696K, committed 67584K, used 22235K [0x000000070c000000, 0x0000000800000000)
  region size 2048K, 3 young (6144K), 3 survivors (6144K)
 Metaspace       used 47589K, committed 48064K, reserved 1114112K
  class space    used 6434K, committed 6656K, reserved 1048576K
}
Event: 10.578 GC heap before
{Heap before GC invocations=10 (full 0):
 garbage-first heap   total reserved 3997696K, committed 67584K, used 50907K [0x000000070c000000, 0x0000000800000000)
  region size 2048K, 18 young (36864K), 3 survivors (6144K)
 Metaspace       used 54351K, committed 54848K, reserved 1114112K
  class space    used 7527K, committed 7744K, reserved 1048576K
}
Event: 10.580 GC heap after
{Heap after GC invocations=11 (full 0):
 garbage-first heap   total reserved 3997696K, committed 67584K, used 23415K [0x000000070c000000, 0x0000000800000000)
  region size 2048K, 2 young (4096K), 2 survivors (4096K)
 Metaspace       used 54351K, committed 54848K, reserved 1114112K
  class space    used 7527K, committed 7744K, reserved 1048576K
}
Event: 10.742 GC heap before
{Heap before GC invocations=11 (full 0):
 garbage-first heap   total reserved 3997696K, committed 67584K, used 56183K [0x000000070c000000, 0x0000000800000000)
  region size 2048K, 18 young (36864K), 2 survivors (4096K)
 Metaspace       used 58382K, committed 58944K, reserved 1114112K
  class space    used 8149K, committed 8384K, reserved 1048576K
}
Event: 10.744 GC heap after
{Heap after GC invocations=12 (full 0):
 garbage-first heap   total reserved 3997696K, committed 67584K, used 25484K [0x000000070c000000, 0x0000000800000000)
  region size 2048K, 3 young (6144K), 3 survivors (6144K)
 Metaspace       used 58382K, committed 58944K, reserved 1114112K
  class space    used 8149K, committed 8384K, reserved 1048576K
}
Event: 14.236 GC heap before
{Heap before GC invocations=12 (full 0):
 garbage-first heap   total reserved 3997696K, committed 67584K, used 33676K [0x000000070c000000, 0x0000000800000000)
  region size 2048K, 8 young (16384K), 3 survivors (6144K)
 Metaspace       used 60397K, committed 60928K, reserved 1114112K
  class space    used 8319K, committed 8576K, reserved 1048576K
}
Event: 14.239 GC heap after
{Heap after GC invocations=13 (full 0):
 garbage-first heap   total reserved 3997696K, committed 67584K, used 26139K [0x000000070c000000, 0x0000000800000000)
  region size 2048K, 2 young (4096K), 2 survivors (4096K)
 Metaspace       used 60397K, committed 60928K, reserved 1114112K
  class space    used 8319K, committed 8576K, reserved 1048576K
}
Event: 14.332 GC heap before
{Heap before GC invocations=14 (full 0):
 garbage-first heap   total reserved 3997696K, committed 67584K, used 54811K [0x000000070c000000, 0x0000000800000000)
  region size 2048K, 16 young (32768K), 2 survivors (4096K)
 Metaspace       used 61649K, committed 62208K, reserved 1114112K
  class space    used 8711K, committed 8960K, reserved 1048576K
}
Event: 14.334 GC heap after
{Heap after GC invocations=15 (full 0):
 garbage-first heap   total reserved 3997696K, committed 67584K, used 27433K [0x000000070c000000, 0x0000000800000000)
  region size 2048K, 2 young (4096K), 2 survivors (4096K)
 Metaspace       used 61649K, committed 62208K, reserved 1114112K
  class space    used 8711K, committed 8960K, reserved 1048576K
}
Event: 19.081 GC heap before
{Heap before GC invocations=15 (full 0):
 garbage-first heap   total reserved 3997696K, committed 67584K, used 54057K [0x000000070c000000, 0x0000000800000000)
  region size 2048K, 15 young (30720K), 2 survivors (4096K)
 Metaspace       used 66663K, committed 67264K, reserved 1114112K
  class space    used 9407K, committed 9664K, reserved 1048576K
}

