# JRE version: OpenJDK Runtime Environment (23.0.1+11) (build 23.0.1+11-39)
# Java VM: OpenJDK 64-Bit Server VM (23.0.1+11-39, mixed mode, sharing, tiered, compressed oops, compressed class ptrs, g1 gc, linux-amd64)
GC Precious Log:
 CardTable entry size: 512
 Card Set container configuration: InlinePtr #cards 4 size 8 Array Of Cards #cards 16 size 48 Howl #buckets 8 coarsen threshold 3686 Howl Bitmap #cards 512 size 80 coarsen threshold 460 Card regions per heap region 1 cards per card region 4096
 CPUs: 20 total, 20 available
 Memory: 15611M
 Large Page Support: Disabled
 NUMA Support: Disabled
 Compressed Oops: Enabled (Zero based)
 Heap Region Size: 2M
 Heap Min Capacity: 8M
 Heap Initial Capacity: 244M
 Heap Max Capacity: 3904M
 Pre-touch: Disabled
 Parallel Workers: 15
 Concurrent Workers: 4
 Concurrent Refinement Workers: 15
 Periodic GC: Disabled
Heap:
 garbage-first heap   total reserved 3997696K, committed 65536K, used 58091K [0x000000070c000000, 0x0000000800000000)
  region size 2048K, 11 young (22528K), 1 survivors (2048K)
 Metaspace       used 69549K, committed 70080K, reserved 1114112K
  class space    used 9830K, committed 10048K, reserved 1048576K
GC Heap History (20 events):
Event: 2.210 GC heap before
{Heap before GC invocations=5 (full 0):
 garbage-first heap   total reserved 3997696K, committed 61440K, used 40018K [0x000000070c000000, 0x0000000800000000)
  region size 2048K, 17 young (34816K), 4 survivors (8192K)
 Metaspace       used 35720K, committed 36096K, reserved 1114112K
  class space    used 4415K, committed 4544K, reserved 1048576K
}
Event: 2.213 GC heap after
{Heap after GC invocations=6 (full 0):
 garbage-first heap   total reserved 3997696K, committed 61440K, used 16782K [0x000000070c000000, 0x0000000800000000)
  region size 2048K, 3 young (6144K), 3 survivors (6144K)
 Metaspace       used 35720K, committed 36096K, reserved 1114112K
  class space    used 4415K, committed 4544K, reserved 1048576K
}
Event: 2.220 GC heap before
{Heap before GC invocations=6 (full 0):
 garbage-first heap   total reserved 3997696K, committed 61440K, used 16782K [0x000000070c000000, 0x0000000800000000)
  region size 2048K, 4 young (8192K), 3 survivors (6144K)
 Metaspace       used 36027K, committed 36416K, reserved 1114112K
  class space    used 4479K, committed 4608K, reserved 1048576K
}
Event: 2.222 GC heap after
{Heap after GC invocations=7 (full 0):
 garbage-first heap   total reserved 3997696K, committed 155648K, used 17042K [0x000000070c000000, 0x0000000800000000)
  region size 2048K, 1 young (2048K), 1 survivors (2048K)
 Metaspace       used 36027K, committed 36416K, reserved 1114112K
  class space    used 4479K, committed 4608K, reserved 1048576K
}
Event: 2.429 GC heap before
{Heap before GC invocations=8 (full 0):
 garbage-first heap   total reserved 3997696K, committed 61440K, used 58002K [0x000000070c000000, 0x0000000800000000)
  region size 2048K, 22 young (45056K), 1 survivors (2048K)
 Metaspace       used 45590K, committed 46080K, reserved 1114112K
  class space    used 6014K, committed 6272K, reserved 1048576K
}
Event: 2.431 GC heap after
{Heap after GC invocations=9 (full 0):
 garbage-first heap   total reserved 3997696K, committed 65536K, used 18312K [0x000000070c000000, 0x0000000800000000)
  region size 2048K, 2 young (4096K), 2 survivors (4096K)
 Metaspace       used 45590K, committed 46080K, reserved 1114112K
  class space    used 6014K, committed 6272K, reserved 1048576K
}
Event: 2.531 GC heap before
{Heap before GC invocations=9 (full 0):
 garbage-first heap   total reserved 3997696K, committed 65536K, used 51080K [0x000000070c000000, 0x0000000800000000)
  region size 2048K, 18 young (36864K), 2 survivors (4096K)
 Metaspace       used 48219K, committed 48704K, reserved 1114112K
  class space    used 6369K, committed 6592K, reserved 1048576K
}
Event: 2.532 GC heap after
{Heap after GC invocations=10 (full 0):
 garbage-first heap   total reserved 3997696K, committed 65536K, used 18915K [0x000000070c000000, 0x0000000800000000)
  region size 2048K, 2 young (4096K), 2 survivors (4096K)
 Metaspace       used 48219K, committed 48704K, reserved 1114112K
  class space    used 6369K, committed 6592K, reserved 1048576K
}
Event: 7.377 GC heap before
{Heap before GC invocations=10 (full 0):
 garbage-first heap   total reserved 3997696K, committed 65536K, used 51683K [0x000000070c000000, 0x0000000800000000)
  region size 2048K, 19 young (38912K), 2 survivors (4096K)
 Metaspace       used 54547K, committed 55104K, reserved 1114112K
  class space    used 7369K, committed 7616K, reserved 1048576K
}
Event: 7.379 GC heap after
{Heap after GC invocations=11 (full 0):
 garbage-first heap   total reserved 3997696K, committed 65536K, used 21142K [0x000000070c000000, 0x0000000800000000)
  region size 2048K, 3 young (6144K), 3 survivors (6144K)
 Metaspace       used 54547K, committed 55104K, reserved 1114112K
  class space    used 7369K, committed 7616K, reserved 1048576K
}
Event: 7.754 GC heap before
{Heap before GC invocations=11 (full 0):
 garbage-first heap   total reserved 3997696K, committed 65536K, used 47766K [0x000000070c000000, 0x0000000800000000)
  region size 2048K, 17 young (34816K), 3 survivors (6144K)
 Metaspace       used 59691K, committed 60224K, reserved 1114112K
  class space    used 8294K, committed 8512K, reserved 1048576K
}
Event: 7.757 GC heap after
{Heap after GC invocations=12 (full 0):
 garbage-first heap   total reserved 3997696K, committed 65536K, used 24081K [0x000000070c000000, 0x0000000800000000)
  region size 2048K, 3 young (6144K), 3 survivors (6144K)
 Metaspace       used 59691K, committed 60224K, reserved 1114112K
  class space    used 8294K, committed 8512K, reserved 1048576K
}
Event: 8.877 GC heap before
{Heap before GC invocations=12 (full 0):
 garbage-first heap   total reserved 3997696K, committed 65536K, used 28177K [0x000000070c000000, 0x0000000800000000)
  region size 2048K, 5 young (10240K), 3 survivors (6144K)
 Metaspace       used 60371K, committed 60928K, reserved 1114112K
  class space    used 8377K, committed 8576K, reserved 1048576K
}
Event: 8.880 GC heap after
{Heap after GC invocations=13 (full 0):
 garbage-first heap   total reserved 3997696K, committed 65536K, used 27063K [0x000000070c000000, 0x0000000800000000)
  region size 2048K, 1 young (2048K), 1 survivors (2048K)
 Metaspace       used 60371K, committed 60928K, reserved 1114112K
  class space    used 8377K, committed 8576K, reserved 1048576K
}
Event: 15.702 GC heap before
{Heap before GC invocations=14 (full 0):
 garbage-first heap   total reserved 3997696K, committed 65536K, used 51639K [0x000000070c000000, 0x0000000800000000)
  region size 2048K, 14 young (28672K), 1 survivors (2048K)
 Metaspace       used 63018K, committed 63552K, reserved 1114112K
  class space    used 8839K, committed 9088K, reserved 1048576K
}
Event: 15.703 GC heap after
{Heap after GC invocations=15 (full 0):
 garbage-first heap   total reserved 3997696K, committed 65536K, used 29930K [0x000000070c000000, 0x0000000800000000)
  region size 2048K, 2 young (4096K), 2 survivors (4096K)
 Metaspace       used 63018K, committed 63552K, reserved 1114112K
  class space    used 8839K, committed 9088K, reserved 1048576K
}
Event: 17.667 GC heap before
{Heap before GC invocations=15 (full 0):
 garbage-first heap   total reserved 3997696K, committed 65536K, used 50410K [0x000000070c000000, 0x0000000800000000)
  region size 2048K, 13 young (26624K), 2 survivors (4096K)
 Metaspace       used 66750K, committed 67328K, reserved 1114112K
  class space    used 9357K, committed 9600K, reserved 1048576K
}
Event: 17.670 GC heap after
{Heap after GC invocations=16 (full 0):
 garbage-first heap   total reserved 3997696K, committed 65536K, used 28839K [0x000000070c000000, 0x0000000800000000)
  region size 2048K, 1 young (2048K), 1 survivors (2048K)
 Metaspace       used 66750K, committed 67328K, reserved 1114112K
  class space    used 9357K, committed 9600K, reserved 1048576K
}
Event: 18.446 GC heap before
{Heap before GC invocations=16 (full 0):
 garbage-first heap   total reserved 3997696K, committed 65536K, used 28839K [0x000000070c000000, 0x0000000800000000)
  region size 2048K, 3 young (6144K), 1 survivors (2048K)
 Metaspace       used 66811K, committed 67392K, reserved 1114112K
  class space    used 9357K, committed 9600K, reserved 1048576K
}
Event: 18.447 GC heap after
{Heap after GC invocations=17 (full 0):
 garbage-first heap   total reserved 3997696K, committed 65536K, used 29419K [0x000000070c000000, 0x0000000800000000)
  region size 2048K, 1 young (2048K), 1 survivors (2048K)
 Metaspace       used 66811K, committed 67392K, reserved 1114112K
  class space    used 9357K, committed 9600K, reserved 1048576K
}

