# JRE version: OpenJDK Runtime Environment (23.0.1+11) (build 23.0.1+11-39)
# Java VM: OpenJDK 64-Bit Server VM (23.0.1+11-39, mixed mode, sharing, tiered, compressed oops, compressed class ptrs, g1 gc, linux-amd64)
GC Precious Log:
 CardTable entry size: 512
 Card Set container configuration: InlinePtr #cards 4 size 8 Array Of Cards #cards 16 size 48 Howl #buckets 8 coarsen threshold 3686 Howl Bitmap #cards 512 size 80 coarsen threshold 460 Card regions per heap region 1 cards per card region 4096
 CPUs: 20 total, 20 available
 Memory: 15611M
 Large Page Support: Disabled
 NUMA Support: Disabled
 Compressed Oops: Enabled (Zero based)
 Heap Region Size: 2M
 Heap Min Capacity: 8M
 Heap Initial Capacity: 244M
 Heap Max Capacity: 3904M
 Pre-touch: Disabled
 Parallel Workers: 15
 Concurrent Workers: 4
 Concurrent Refinement Workers: 15
 Periodic GC: Disabled
Heap:
 garbage-first heap   total reserved 3997696K, committed 63488K, used 50093K [0x000000070c000000, 0x0000000800000000)
  region size 2048K, 9 young (18432K), 2 survivors (4096K)
 Metaspace       used 69473K, committed 70080K, reserved 1114112K
  class space    used 9695K, committed 9984K, reserved 1048576K
GC Heap History (20 events):
Event: 2.374 GC heap before
{Heap before GC invocations=5 (full 0):
 garbage-first heap   total reserved 3997696K, committed 61440K, used 35827K [0x000000070c000000, 0x0000000800000000)
  region size 2048K, 15 young (30720K), 3 survivors (6144K)
 Metaspace       used 35547K, committed 35968K, reserved 1114112K
  class space    used 4379K, committed 4608K, reserved 1048576K
}
Event: 2.379 GC heap after
{Heap after GC invocations=6 (full 0):
 garbage-first heap   total reserved 3997696K, committed 61440K, used 16853K [0x000000070c000000, 0x0000000800000000)
  region size 2048K, 1 young (2048K), 1 survivors (2048K)
 Metaspace       used 35547K, committed 35968K, reserved 1114112K
  class space    used 4379K, committed 4608K, reserved 1048576K
}
Event: 2.393 GC heap before
{Heap before GC invocations=6 (full 0):
 garbage-first heap   total reserved 3997696K, committed 61440K, used 18901K [0x000000070c000000, 0x0000000800000000)
  region size 2048K, 3 young (6144K), 1 survivors (2048K)
 Metaspace       used 35872K, committed 36288K, reserved 1114112K
  class space    used 4442K, committed 4672K, reserved 1048576K
}
Event: 2.394 GC heap after
{Heap after GC invocations=7 (full 0):
 garbage-first heap   total reserved 3997696K, committed 61440K, used 16718K [0x000000070c000000, 0x0000000800000000)
  region size 2048K, 1 young (2048K), 1 survivors (2048K)
 Metaspace       used 35872K, committed 36288K, reserved 1114112K
  class space    used 4442K, committed 4672K, reserved 1048576K
}
Event: 2.567 GC heap before
{Heap before GC invocations=8 (full 0):
 garbage-first heap   total reserved 3997696K, committed 61440K, used 43342K [0x000000070c000000, 0x0000000800000000)
  region size 2048K, 15 young (30720K), 1 survivors (2048K)
 Metaspace       used 42809K, committed 43264K, reserved 1114112K
  class space    used 5502K, committed 5696K, reserved 1048576K
}
Event: 2.568 GC heap after
{Heap after GC invocations=9 (full 0):
 garbage-first heap   total reserved 3997696K, committed 61440K, used 17528K [0x000000070c000000, 0x0000000800000000)
  region size 2048K, 2 young (4096K), 2 survivors (4096K)
 Metaspace       used 42809K, committed 43264K, reserved 1114112K
  class space    used 5502K, committed 5696K, reserved 1048576K
}
Event: 2.739 GC heap before
{Heap before GC invocations=9 (full 0):
 garbage-first heap   total reserved 3997696K, committed 61440K, used 46200K [0x000000070c000000, 0x0000000800000000)
  region size 2048K, 16 young (32768K), 2 survivors (4096K)
 Metaspace       used 46094K, committed 46592K, reserved 1114112K
  class space    used 6049K, committed 6272K, reserved 1048576K
}
Event: 2.741 GC heap after
{Heap after GC invocations=10 (full 0):
 garbage-first heap   total reserved 3997696K, committed 61440K, used 18484K [0x000000070c000000, 0x0000000800000000)
  region size 2048K, 2 young (4096K), 2 survivors (4096K)
 Metaspace       used 46094K, committed 46592K, reserved 1114112K
  class space    used 6049K, committed 6272K, reserved 1048576K
}
Event: 2.889 GC heap before
{Heap before GC invocations=10 (full 0):
 garbage-first heap   total reserved 3997696K, committed 61440K, used 45108K [0x000000070c000000, 0x0000000800000000)
  region size 2048K, 16 young (32768K), 2 survivors (4096K)
 Metaspace       used 49980K, committed 50560K, reserved 1114112K
  class space    used 6671K, committed 6912K, reserved 1048576K
}
Event: 2.890 GC heap after
{Heap after GC invocations=11 (full 0):
 garbage-first heap   total reserved 3997696K, committed 61440K, used 19414K [0x000000070c000000, 0x0000000800000000)
  region size 2048K, 2 young (4096K), 2 survivors (4096K)
 Metaspace       used 49980K, committed 50560K, reserved 1114112K
  class space    used 6671K, committed 6912K, reserved 1048576K
}
Event: 6.879 GC heap before
{Heap before GC invocations=11 (full 0):
 garbage-first heap   total reserved 3997696K, committed 61440K, used 48086K [0x000000070c000000, 0x0000000800000000)
  region size 2048K, 17 young (34816K), 2 survivors (4096K)
 Metaspace       used 55627K, committed 56128K, reserved 1114112K
  class space    used 7519K, committed 7744K, reserved 1048576K
}
Event: 6.882 GC heap after
{Heap after GC invocations=12 (full 0):
 garbage-first heap   total reserved 3997696K, committed 61440K, used 22034K [0x000000070c000000, 0x0000000800000000)
  region size 2048K, 3 young (6144K), 3 survivors (6144K)
 Metaspace       used 55627K, committed 56128K, reserved 1114112K
  class space    used 7519K, committed 7744K, reserved 1048576K
}
Event: 11.536 GC heap before
{Heap before GC invocations=12 (full 0):
 garbage-first heap   total reserved 3997696K, committed 61440K, used 48658K [0x000000070c000000, 0x0000000800000000)
  region size 2048K, 16 young (32768K), 3 survivors (6144K)
 Metaspace       used 60244K, committed 60800K, reserved 1114112K
  class space    used 8358K, committed 8640K, reserved 1048576K
}
Event: 11.543 GC heap after
{Heap after GC invocations=13 (full 0):
 garbage-first heap   total reserved 3997696K, committed 63488K, used 26511K [0x000000070c000000, 0x0000000800000000)
  region size 2048K, 2 young (4096K), 2 survivors (4096K)
 Metaspace       used 60244K, committed 60800K, reserved 1114112K
  class space    used 8358K, committed 8640K, reserved 1048576K
}
Event: 38.665 GC heap before
{Heap before GC invocations=14 (full 0):
 garbage-first heap   total reserved 3997696K, committed 63488K, used 46991K [0x000000070c000000, 0x0000000800000000)
  region size 2048K, 13 young (26624K), 2 survivors (4096K)
 Metaspace       used 63095K, committed 63680K, reserved 1114112K
  class space    used 8837K, committed 9088K, reserved 1048576K
}
Event: 38.667 GC heap after
{Heap after GC invocations=15 (full 0):
 garbage-first heap   total reserved 3997696K, committed 63488K, used 28610K [0x000000070c000000, 0x0000000800000000)
  region size 2048K, 1 young (2048K), 1 survivors (2048K)
 Metaspace       used 63095K, committed 63680K, reserved 1114112K
  class space    used 8837K, committed 9088K, reserved 1048576K
}
Event: 38.898 GC heap before
{Heap before GC invocations=15 (full 0):
 garbage-first heap   total reserved 3997696K, committed 63488K, used 51138K [0x000000070c000000, 0x0000000800000000)
  region size 2048K, 13 young (26624K), 1 survivors (2048K)
 Metaspace       used 66193K, committed 66752K, reserved 1114112K
  class space    used 9266K, committed 9536K, reserved 1048576K
}
Event: 38.902 GC heap after
{Heap after GC invocations=16 (full 0):
 garbage-first heap   total reserved 3997696K, committed 63488K, used 28376K [0x000000070c000000, 0x0000000800000000)
  region size 2048K, 1 young (2048K), 1 survivors (2048K)
 Metaspace       used 66193K, committed 66752K, reserved 1114112K
  class space    used 9266K, committed 9536K, reserved 1048576K
}
Event: 103.872 GC heap before
{Heap before GC invocations=16 (full 0):
 garbage-first heap   total reserved 3997696K, committed 63488K, used 50904K [0x000000070c000000, 0x0000000800000000)
  region size 2048K, 14 young (28672K), 1 survivors (2048K)
 Metaspace       used 67875K, committed 68480K, reserved 1114112K
  class space    used 9408K, committed 9664K, reserved 1048576K
}
Event: 103.874 GC heap after
{Heap after GC invocations=17 (full 0):
 garbage-first heap   total reserved 3997696K, committed 63488K, used 29613K [0x000000070c000000, 0x0000000800000000)
  region size 2048K, 2 young (4096K), 2 survivors (4096K)
 Metaspace       used 67875K, committed 68480K, reserved 1114112K
  class space    used 9408K, committed 9664K, reserved 1048576K
}

