# JRE version: OpenJDK Runtime Environment (23.0.1+11) (build 23.0.1+11-39)
# Java VM: OpenJDK 64-Bit Server VM (23.0.1+11-39, mixed mode, sharing, tiered, compressed oops, compressed class ptrs, g1 gc, linux-amd64)
GC Precious Log:
 CardTable entry size: 512
 Card Set container configuration: InlinePtr #cards 4 size 8 Array Of Cards #cards 16 size 48 Howl #buckets 8 coarsen threshold 3686 Howl Bitmap #cards 512 size 80 coarsen threshold 460 Card regions per heap region 1 cards per card region 4096
 CPUs: 20 total, 20 available
 Memory: 15611M
 Large Page Support: Disabled
 NUMA Support: Disabled
 Compressed Oops: Enabled (Zero based)
 Heap Region Size: 2M
 Heap Min Capacity: 8M
 Heap Initial Capacity: 244M
 Heap Max Capacity: 3904M
 Pre-touch: Disabled
 Parallel Workers: 15
 Concurrent Workers: 4
 Concurrent Refinement Workers: 15
 Periodic GC: Disabled
Heap:
 garbage-first heap   total reserved 3997696K, committed 96256K, used 55484K [0x000000070c000000, 0x0000000800000000)
  region size 2048K, 12 young (24576K), 2 survivors (4096K)
 Metaspace       used 68548K, committed 69184K, reserved 1114112K
  class space    used 9663K, committed 9920K, reserved 1048576K
GC Heap History (20 events):
Event: 0.501 GC heap before
{Heap before GC invocations=2 (full 0):
 garbage-first heap   total reserved 3997696K, committed 251904K, used 40347K [0x000000070c000000, 0x0000000800000000)
  region size 2048K, 19 young (38912K), 2 survivors (4096K)
 Metaspace       used 21186K, committed 21504K, reserved 1114112K
  class space    used 2583K, committed 2752K, reserved 1048576K
}
Event: 0.505 GC heap after
{Heap after GC invocations=3 (full 0):
 garbage-first heap   total reserved 3997696K, committed 251904K, used 12167K [0x000000070c000000, 0x0000000800000000)
  region size 2048K, 4 young (8192K), 4 survivors (8192K)
 Metaspace       used 21186K, committed 21504K, reserved 1114112K
  class space    used 2583K, committed 2752K, reserved 1048576K
}
Event: 1.465 GC heap before
{Heap before GC invocations=4 (full 0):
 garbage-first heap   total reserved 3997696K, committed 55296K, used 34695K [0x000000070c000000, 0x0000000800000000)
  region size 2048K, 16 young (32768K), 4 survivors (8192K)
 Metaspace       used 29609K, committed 29952K, reserved 1114112K
  class space    used 3556K, committed 3712K, reserved 1048576K
}
Event: 1.470 GC heap after
{Heap after GC invocations=5 (full 0):
 garbage-first heap   total reserved 3997696K, committed 55296K, used 15400K [0x000000070c000000, 0x0000000800000000)
  region size 2048K, 2 young (4096K), 2 survivors (4096K)
 Metaspace       used 29609K, committed 29952K, reserved 1114112K
  class space    used 3556K, committed 3712K, reserved 1048576K
}
Event: 1.790 GC heap before
{Heap before GC invocations=5 (full 0):
 garbage-first heap   total reserved 3997696K, committed 55296K, used 33832K [0x000000070c000000, 0x0000000800000000)
  region size 2048K, 12 young (24576K), 2 survivors (4096K)
 Metaspace       used 33148K, committed 33536K, reserved 1114112K
  class space    used 4074K, committed 4224K, reserved 1048576K
}
Event: 1.793 GC heap after
{Heap after GC invocations=6 (full 0):
 garbage-first heap   total reserved 3997696K, committed 55296K, used 15915K [0x000000070c000000, 0x0000000800000000)
  region size 2048K, 1 young (2048K), 1 survivors (2048K)
 Metaspace       used 33148K, committed 33536K, reserved 1114112K
  class space    used 4074K, committed 4224K, reserved 1048576K
}
Event: 2.063 GC heap before
{Heap before GC invocations=6 (full 0):
 garbage-first heap   total reserved 3997696K, committed 55296K, used 30251K [0x000000070c000000, 0x0000000800000000)
  region size 2048K, 9 young (18432K), 1 survivors (2048K)
 Metaspace       used 35765K, committed 36096K, reserved 1114112K
  class space    used 4420K, committed 4544K, reserved 1048576K
}
Event: 2.064 GC heap after
{Heap after GC invocations=7 (full 0):
 garbage-first heap   total reserved 3997696K, committed 55296K, used 16690K [0x000000070c000000, 0x0000000800000000)
  region size 2048K, 1 young (2048K), 1 survivors (2048K)
 Metaspace       used 35765K, committed 36096K, reserved 1114112K
  class space    used 4420K, committed 4544K, reserved 1048576K
}
Event: 2.167 GC heap before
{Heap before GC invocations=8 (full 0):
 garbage-first heap   total reserved 3997696K, committed 55296K, used 39218K [0x000000070c000000, 0x0000000800000000)
  region size 2048K, 13 young (26624K), 1 survivors (2048K)
 Metaspace       used 41310K, committed 41728K, reserved 1114112K
  class space    used 5375K, committed 5568K, reserved 1048576K
}
Event: 2.168 GC heap after
{Heap after GC invocations=9 (full 0):
 garbage-first heap   total reserved 3997696K, committed 55296K, used 17698K [0x000000070c000000, 0x0000000800000000)
  region size 2048K, 2 young (4096K), 2 survivors (4096K)
 Metaspace       used 41310K, committed 41728K, reserved 1114112K
  class space    used 5375K, committed 5568K, reserved 1048576K
}
Event: 2.296 GC heap before
{Heap before GC invocations=9 (full 0):
 garbage-first heap   total reserved 3997696K, committed 55296K, used 40226K [0x000000070c000000, 0x0000000800000000)
  region size 2048K, 13 young (26624K), 2 survivors (4096K)
 Metaspace       used 45756K, committed 46208K, reserved 1114112K
  class space    used 6034K, committed 6272K, reserved 1048576K
}
Event: 2.297 GC heap after
{Heap after GC invocations=10 (full 0):
 garbage-first heap   total reserved 3997696K, committed 55296K, used 18190K [0x000000070c000000, 0x0000000800000000)
  region size 2048K, 2 young (4096K), 2 survivors (4096K)
 Metaspace       used 45756K, committed 46208K, reserved 1114112K
  class space    used 6034K, committed 6272K, reserved 1048576K
}
Event: 2.376 GC heap before
{Heap before GC invocations=10 (full 0):
 garbage-first heap   total reserved 3997696K, committed 55296K, used 42766K [0x000000070c000000, 0x0000000800000000)
  region size 2048K, 15 young (30720K), 2 survivors (4096K)
 Metaspace       used 47561K, committed 48064K, reserved 1114112K
  class space    used 6288K, committed 6528K, reserved 1048576K
}
Event: 2.377 GC heap after
{Heap after GC invocations=11 (full 0):
 garbage-first heap   total reserved 3997696K, committed 55296K, used 18739K [0x000000070c000000, 0x0000000800000000)
  region size 2048K, 2 young (4096K), 2 survivors (4096K)
 Metaspace       used 47561K, committed 48064K, reserved 1114112K
  class space    used 6288K, committed 6528K, reserved 1048576K
}
Event: 7.641 GC heap before
{Heap before GC invocations=11 (full 0):
 garbage-first heap   total reserved 3997696K, committed 55296K, used 41267K [0x000000070c000000, 0x0000000800000000)
  region size 2048K, 14 young (28672K), 2 survivors (4096K)
 Metaspace       used 52196K, committed 52736K, reserved 1114112K
  class space    used 6912K, committed 7168K, reserved 1048576K
}
Event: 7.643 GC heap after
{Heap after GC invocations=12 (full 0):
 garbage-first heap   total reserved 3997696K, committed 153600K, used 19932K [0x000000070c000000, 0x0000000800000000)
  region size 2048K, 2 young (4096K), 2 survivors (4096K)
 Metaspace       used 52196K, committed 52736K, reserved 1114112K
  class space    used 6912K, committed 7168K, reserved 1048576K
}
Event: 7.967 GC heap before
{Heap before GC invocations=12 (full 0):
 garbage-first heap   total reserved 3997696K, committed 153600K, used 60892K [0x000000070c000000, 0x0000000800000000)
  region size 2048K, 24 young (49152K), 2 survivors (4096K)
 Metaspace       used 59927K, committed 60480K, reserved 1114112K
  class space    used 8319K, committed 8576K, reserved 1048576K
}
Event: 7.971 GC heap after
{Heap after GC invocations=13 (full 0):
 garbage-first heap   total reserved 3997696K, committed 153600K, used 24221K [0x000000070c000000, 0x0000000800000000)
  region size 2048K, 4 young (8192K), 4 survivors (8192K)
 Metaspace       used 59927K, committed 60480K, reserved 1114112K
  class space    used 8319K, committed 8576K, reserved 1048576K
}
Event: 20.104 GC heap before
{Heap before GC invocations=14 (full 0):
 garbage-first heap   total reserved 3997696K, committed 96256K, used 75421K [0x000000070c000000, 0x0000000800000000)
  region size 2048K, 28 young (57344K), 4 survivors (8192K)
 Metaspace       used 66075K, committed 66624K, reserved 1114112K
  class space    used 9241K, committed 9472K, reserved 1048576K
}
Event: 20.107 GC heap after
{Heap after GC invocations=15 (full 0):
 garbage-first heap   total reserved 3997696K, committed 96256K, used 28860K [0x000000070c000000, 0x0000000800000000)
  region size 2048K, 2 young (4096K), 2 survivors (4096K)
 Metaspace       used 66075K, committed 66624K, reserved 1114112K
  class space    used 9241K, committed 9472K, reserved 1048576K
}

