# JRE version: OpenJDK Runtime Environment (23.0.1+11) (build 23.0.1+11-39)
# Java VM: OpenJDK 64-Bit Server VM (23.0.1+11-39, mixed mode, sharing, tiered, compressed oops, compressed class ptrs, g1 gc, linux-amd64)
GC Precious Log:
 CardTable entry size: 512
 Card Set container configuration: InlinePtr #cards 4 size 8 Array Of Cards #cards 16 size 48 Howl #buckets 8 coarsen threshold 3686 Howl Bitmap #cards 512 size 80 coarsen threshold 460 Card regions per heap region 1 cards per card region 4096
 CPUs: 20 total, 20 available
 Memory: 15611M
 Large Page Support: Disabled
 NUMA Support: Disabled
 Compressed Oops: Enabled (Zero based)
 Heap Region Size: 2M
 Heap Min Capacity: 8M
 Heap Initial Capacity: 244M
 Heap Max Capacity: 3904M
 Pre-touch: Disabled
 Parallel Workers: 15
 Concurrent Workers: 4
 Concurrent Refinement Workers: 15
 Periodic GC: Disabled
Heap:
 garbage-first heap   total reserved 3997696K, committed 69632K, used 39934K [0x000000070c000000, 0x0000000800000000)
  region size 2048K, 4 young (8192K), 1 survivors (2048K)
 Metaspace       used 67077K, committed 67712K, reserved 1114112K
  class space    used 9510K, committed 9792K, reserved 1048576K
GC Heap History (20 events):
Event: 2.232 GC heap before
{Heap before GC invocations=4 (full 0):
 garbage-first heap   total reserved 3997696K, committed 49152K, used 45093K [0x000000070c000000, 0x0000000800000000)
  region size 2048K, 21 young (43008K), 4 survivors (8192K)
 Metaspace       used 31781K, committed 32192K, reserved 1114112K
  class space    used 3838K, committed 4032K, reserved 1048576K
}
Event: 2.239 GC heap after
{Heap after GC invocations=5 (full 0):
 garbage-first heap   total reserved 3997696K, committed 63488K, used 16430K [0x000000070c000000, 0x0000000800000000)
  region size 2048K, 2 young (4096K), 2 survivors (4096K)
 Metaspace       used 31781K, committed 32192K, reserved 1114112K
  class space    used 3838K, committed 4032K, reserved 1048576K
}
Event: 2.556 GC heap before
{Heap before GC invocations=5 (full 0):
 garbage-first heap   total reserved 3997696K, committed 63488K, used 43054K [0x000000070c000000, 0x0000000800000000)
  region size 2048K, 15 young (30720K), 2 survivors (4096K)
 Metaspace       used 35851K, committed 36288K, reserved 1114112K
  class space    used 4410K, committed 4608K, reserved 1048576K
}
Event: 2.559 GC heap after
{Heap after GC invocations=6 (full 0):
 garbage-first heap   total reserved 3997696K, committed 63488K, used 17730K [0x000000070c000000, 0x0000000800000000)
  region size 2048K, 1 young (2048K), 1 survivors (2048K)
 Metaspace       used 35851K, committed 36288K, reserved 1114112K
  class space    used 4410K, committed 4608K, reserved 1048576K
}
Event: 2.560 GC heap before
{Heap before GC invocations=6 (full 0):
 garbage-first heap   total reserved 3997696K, committed 63488K, used 17730K [0x000000070c000000, 0x0000000800000000)
  region size 2048K, 2 young (4096K), 1 survivors (2048K)
 Metaspace       used 35867K, committed 36288K, reserved 1114112K
  class space    used 4411K, committed 4608K, reserved 1048576K
}
Event: 2.561 GC heap after
{Heap after GC invocations=7 (full 0):
 garbage-first heap   total reserved 3997696K, committed 63488K, used 17446K [0x000000070c000000, 0x0000000800000000)
  region size 2048K, 1 young (2048K), 1 survivors (2048K)
 Metaspace       used 35867K, committed 36288K, reserved 1114112K
  class space    used 4411K, committed 4608K, reserved 1048576K
}
Event: 2.953 GC heap before
{Heap before GC invocations=8 (full 0):
 garbage-first heap   total reserved 3997696K, committed 63488K, used 46118K [0x000000070c000000, 0x0000000800000000)
  region size 2048K, 15 young (30720K), 1 survivors (2048K)
 Metaspace       used 41891K, committed 42304K, reserved 1114112K
  class space    used 5309K, committed 5504K, reserved 1048576K
}
Event: 2.955 GC heap after
{Heap after GC invocations=9 (full 0):
 garbage-first heap   total reserved 3997696K, committed 63488K, used 18591K [0x000000070c000000, 0x0000000800000000)
  region size 2048K, 2 young (4096K), 2 survivors (4096K)
 Metaspace       used 41891K, committed 42304K, reserved 1114112K
  class space    used 5309K, committed 5504K, reserved 1048576K
}
Event: 3.163 GC heap before
{Heap before GC invocations=9 (full 0):
 garbage-first heap   total reserved 3997696K, committed 63488K, used 45215K [0x000000070c000000, 0x0000000800000000)
  region size 2048K, 16 young (32768K), 2 survivors (4096K)
 Metaspace       used 47502K, committed 48000K, reserved 1114112K
  class space    used 6236K, committed 6464K, reserved 1048576K
}
Event: 3.165 GC heap after
{Heap after GC invocations=10 (full 0):
 garbage-first heap   total reserved 3997696K, committed 63488K, used 19365K [0x000000070c000000, 0x0000000800000000)
  region size 2048K, 2 young (4096K), 2 survivors (4096K)
 Metaspace       used 47502K, committed 48000K, reserved 1114112K
  class space    used 6236K, committed 6464K, reserved 1048576K
}
Event: 3.295 GC heap before
{Heap before GC invocations=10 (full 0):
 garbage-first heap   total reserved 3997696K, committed 63488K, used 48037K [0x000000070c000000, 0x0000000800000000)
  region size 2048K, 17 young (34816K), 2 survivors (4096K)
 Metaspace       used 50801K, committed 51328K, reserved 1114112K
  class space    used 6738K, committed 6976K, reserved 1048576K
}
Event: 3.297 GC heap after
{Heap after GC invocations=11 (full 0):
 garbage-first heap   total reserved 3997696K, committed 63488K, used 20063K [0x000000070c000000, 0x0000000800000000)
  region size 2048K, 2 young (4096K), 2 survivors (4096K)
 Metaspace       used 50801K, committed 51328K, reserved 1114112K
  class space    used 6738K, committed 6976K, reserved 1048576K
}
Event: 7.141 GC heap before
{Heap before GC invocations=11 (full 0):
 garbage-first heap   total reserved 3997696K, committed 63488K, used 48735K [0x000000070c000000, 0x0000000800000000)
  region size 2048K, 17 young (34816K), 2 survivors (4096K)
 Metaspace       used 56435K, committed 57024K, reserved 1114112K
  class space    used 7604K, committed 7872K, reserved 1048576K
}
Event: 7.144 GC heap after
{Heap after GC invocations=12 (full 0):
 garbage-first heap   total reserved 3997696K, committed 63488K, used 21927K [0x000000070c000000, 0x0000000800000000)
  region size 2048K, 3 young (6144K), 3 survivors (6144K)
 Metaspace       used 56435K, committed 57024K, reserved 1114112K
  class space    used 7604K, committed 7872K, reserved 1048576K
}
Event: 8.721 GC heap before
{Heap before GC invocations=12 (full 0):
 garbage-first heap   total reserved 3997696K, committed 63488K, used 44455K [0x000000070c000000, 0x0000000800000000)
  region size 2048K, 14 young (28672K), 3 survivors (6144K)
 Metaspace       used 60280K, committed 60800K, reserved 1114112K
  class space    used 8312K, committed 8576K, reserved 1048576K
}
Event: 8.724 GC heap after
{Heap after GC invocations=13 (full 0):
 garbage-first heap   total reserved 3997696K, committed 63488K, used 26178K [0x000000070c000000, 0x0000000800000000)
  region size 2048K, 2 young (4096K), 2 survivors (4096K)
 Metaspace       used 60280K, committed 60800K, reserved 1114112K
  class space    used 8312K, committed 8576K, reserved 1048576K
}
Event: 10.387 GC heap before
{Heap before GC invocations=14 (full 0):
 garbage-first heap   total reserved 3997696K, committed 63488K, used 50754K [0x000000070c000000, 0x0000000800000000)
  region size 2048K, 15 young (30720K), 2 survivors (4096K)
 Metaspace       used 62192K, committed 62784K, reserved 1114112K
  class space    used 8752K, committed 9024K, reserved 1048576K
}
Event: 10.391 GC heap after
{Heap after GC invocations=15 (full 0):
 garbage-first heap   total reserved 3997696K, committed 63488K, used 30522K [0x000000070c000000, 0x0000000800000000)
  region size 2048K, 2 young (4096K), 2 survivors (4096K)
 Metaspace       used 62192K, committed 62784K, reserved 1114112K
  class space    used 8752K, committed 9024K, reserved 1048576K
}
Event: 10.699 GC heap before
{Heap before GC invocations=15 (full 0):
 garbage-first heap   total reserved 3997696K, committed 63488K, used 59194K [0x000000070c000000, 0x0000000800000000)
  region size 2048K, 13 young (26624K), 2 survivors (4096K)
 Metaspace       used 66333K, committed 66880K, reserved 1114112K
  class space    used 9370K, committed 9600K, reserved 1048576K
}
Event: 10.703 GC heap after
{Heap after GC invocations=16 (full 0):
 garbage-first heap   total reserved 3997696K, committed 69632K, used 35838K [0x000000070c000000, 0x0000000800000000)
  region size 2048K, 1 young (2048K), 1 survivors (2048K)
 Metaspace       used 66333K, committed 66880K, reserved 1114112K
  class space    used 9370K, committed 9600K, reserved 1048576K
}

