# JRE version: OpenJDK Runtime Environment (23.0.1+11) (build 23.0.1+11-39)
# Java VM: OpenJDK 64-Bit Server VM (23.0.1+11-39, mixed mode, sharing, tiered, compressed oops, compressed class ptrs, g1 gc, linux-amd64)
GC Precious Log:
 CardTable entry size: 512
 Card Set container configuration: InlinePtr #cards 4 size 8 Array Of Cards #cards 16 size 48 Howl #buckets 8 coarsen threshold 3686 Howl Bitmap #cards 512 size 80 coarsen threshold 460 Card regions per heap region 1 cards per card region 4096
 CPUs: 20 total, 20 available
 Memory: 15611M
 Large Page Support: Disabled
 NUMA Support: Disabled
 Compressed Oops: Enabled (Zero based)
 Heap Region Size: 2M
 Heap Min Capacity: 8M
 Heap Initial Capacity: 244M
 Heap Max Capacity: 3904M
 Pre-touch: Disabled
 Parallel Workers: 15
 Concurrent Workers: 4
 Concurrent Refinement Workers: 15
 Periodic GC: Disabled
Heap:
 garbage-first heap   total reserved 3997696K, committed 79872K, used 70097K [0x000000070c000000, 0x0000000800000000)
  region size 2048K, 19 young (38912K), 2 survivors (4096K)
 Metaspace       used 69861K, committed 70464K, reserved 1114112K
  class space    used 9847K, committed 10112K, reserved 1048576K
GC Heap History (20 events):
Event: 0.315 GC heap before
{Heap before GC invocations=1 (full 0):
 garbage-first heap   total reserved 3997696K, committed 251904K, used 28689K [0x000000070c000000, 0x0000000800000000)
  region size 2048K, 14 young (28672K), 2 survivors (4096K)
 Metaspace       used 9994K, committed 10240K, reserved 1114112K
  class space    used 1117K, committed 1216K, reserved 1048576K
}
Event: 0.319 GC heap after
{Heap after GC invocations=2 (full 0):
 garbage-first heap   total reserved 3997696K, committed 251904K, used 9401K [0x000000070c000000, 0x0000000800000000)
  region size 2048K, 2 young (4096K), 2 survivors (4096K)
 Metaspace       used 9994K, committed 10240K, reserved 1114112K
  class space    used 1117K, committed 1216K, reserved 1048576K
}
Event: 0.515 GC heap before
{Heap before GC invocations=2 (full 0):
 garbage-first heap   total reserved 3997696K, committed 251904K, used 40121K [0x000000070c000000, 0x0000000800000000)
  region size 2048K, 19 young (38912K), 2 survivors (4096K)
 Metaspace       used 21167K, committed 21504K, reserved 1114112K
  class space    used 2582K, committed 2752K, reserved 1048576K
}
Event: 0.518 GC heap after
{Heap after GC invocations=3 (full 0):
 garbage-first heap   total reserved 3997696K, committed 251904K, used 12265K [0x000000070c000000, 0x0000000800000000)
  region size 2048K, 4 young (8192K), 4 survivors (8192K)
 Metaspace       used 21167K, committed 21504K, reserved 1114112K
  class space    used 2582K, committed 2752K, reserved 1048576K
}
Event: 1.752 GC heap before
{Heap before GC invocations=4 (full 0):
 garbage-first heap   total reserved 3997696K, committed 55296K, used 49129K [0x000000070c000000, 0x0000000800000000)
  region size 2048K, 23 young (47104K), 4 survivors (8192K)
 Metaspace       used 32283K, committed 32640K, reserved 1114112K
  class space    used 3961K, committed 4096K, reserved 1048576K
}
Event: 1.756 GC heap after
{Heap after GC invocations=5 (full 0):
 garbage-first heap   total reserved 3997696K, committed 65536K, used 15271K [0x000000070c000000, 0x0000000800000000)
  region size 2048K, 3 young (6144K), 3 survivors (6144K)
 Metaspace       used 32283K, committed 32640K, reserved 1114112K
  class space    used 3961K, committed 4096K, reserved 1048576K
}
Event: 2.038 GC heap before
{Heap before GC invocations=5 (full 0):
 garbage-first heap   total reserved 3997696K, committed 65536K, used 35751K [0x000000070c000000, 0x0000000800000000)
  region size 2048K, 14 young (28672K), 3 survivors (6144K)
 Metaspace       used 35683K, committed 36096K, reserved 1114112K
  class space    used 4411K, committed 4608K, reserved 1048576K
}
Event: 2.042 GC heap after
{Heap after GC invocations=6 (full 0):
 garbage-first heap   total reserved 3997696K, committed 65536K, used 16396K [0x000000070c000000, 0x0000000800000000)
  region size 2048K, 3 young (6144K), 3 survivors (6144K)
 Metaspace       used 35683K, committed 36096K, reserved 1114112K
  class space    used 4411K, committed 4608K, reserved 1048576K
}
Event: 2.049 GC heap before
{Heap before GC invocations=6 (full 0):
 garbage-first heap   total reserved 3997696K, committed 65536K, used 16396K [0x000000070c000000, 0x0000000800000000)
  region size 2048K, 4 young (8192K), 3 survivors (6144K)
 Metaspace       used 36007K, committed 36416K, reserved 1114112K
  class space    used 4479K, committed 4672K, reserved 1048576K
}
Event: 2.051 GC heap after
{Heap after GC invocations=7 (full 0):
 garbage-first heap   total reserved 3997696K, committed 65536K, used 17165K [0x000000070c000000, 0x0000000800000000)
  region size 2048K, 1 young (2048K), 1 survivors (2048K)
 Metaspace       used 36007K, committed 36416K, reserved 1114112K
  class space    used 4479K, committed 4672K, reserved 1048576K
}
Event: 2.185 GC heap before
{Heap before GC invocations=8 (full 0):
 garbage-first heap   total reserved 3997696K, committed 65536K, used 45837K [0x000000070c000000, 0x0000000800000000)
  region size 2048K, 16 young (32768K), 1 survivors (2048K)
 Metaspace       used 43232K, committed 43712K, reserved 1114112K
  class space    used 5596K, committed 5824K, reserved 1048576K
}
Event: 2.187 GC heap after
{Heap after GC invocations=9 (full 0):
 garbage-first heap   total reserved 3997696K, committed 65536K, used 17677K [0x000000070c000000, 0x0000000800000000)
  region size 2048K, 2 young (4096K), 2 survivors (4096K)
 Metaspace       used 43232K, committed 43712K, reserved 1114112K
  class space    used 5596K, committed 5824K, reserved 1048576K
}
Event: 2.313 GC heap before
{Heap before GC invocations=9 (full 0):
 garbage-first heap   total reserved 3997696K, committed 65536K, used 48397K [0x000000070c000000, 0x0000000800000000)
  region size 2048K, 17 young (34816K), 2 survivors (4096K)
 Metaspace       used 46132K, committed 46592K, reserved 1114112K
  class space    used 6063K, committed 6272K, reserved 1048576K
}
Event: 2.315 GC heap after
{Heap after GC invocations=10 (full 0):
 garbage-first heap   total reserved 3997696K, committed 79872K, used 18368K [0x000000070c000000, 0x0000000800000000)
  region size 2048K, 2 young (4096K), 2 survivors (4096K)
 Metaspace       used 46132K, committed 46592K, reserved 1114112K
  class space    used 6063K, committed 6272K, reserved 1048576K
}
Event: 7.149 GC heap before
{Heap before GC invocations=10 (full 0):
 garbage-first heap   total reserved 3997696K, committed 79872K, used 59328K [0x000000070c000000, 0x0000000800000000)
  region size 2048K, 23 young (47104K), 2 survivors (4096K)
 Metaspace       used 53444K, committed 54016K, reserved 1114112K
  class space    used 7148K, committed 7424K, reserved 1048576K
}
Event: 7.151 GC heap after
{Heap after GC invocations=11 (full 0):
 garbage-first heap   total reserved 3997696K, committed 79872K, used 20305K [0x000000070c000000, 0x0000000800000000)
  region size 2048K, 3 young (6144K), 3 survivors (6144K)
 Metaspace       used 53444K, committed 54016K, reserved 1114112K
  class space    used 7148K, committed 7424K, reserved 1048576K
}
Event: 9.033 GC heap before
{Heap before GC invocations=11 (full 0):
 garbage-first heap   total reserved 3997696K, committed 79872K, used 59217K [0x000000070c000000, 0x0000000800000000)
  region size 2048K, 23 young (47104K), 3 survivors (6144K)
 Metaspace       used 60531K, committed 61056K, reserved 1114112K
  class space    used 8404K, committed 8640K, reserved 1048576K
}
Event: 9.037 GC heap after
{Heap after GC invocations=12 (full 0):
 garbage-first heap   total reserved 3997696K, committed 79872K, used 26139K [0x000000070c000000, 0x0000000800000000)
  region size 2048K, 3 young (6144K), 3 survivors (6144K)
 Metaspace       used 60531K, committed 61056K, reserved 1114112K
  class space    used 8404K, committed 8640K, reserved 1048576K
}
Event: 20.936 GC heap before
{Heap before GC invocations=13 (full 0):
 garbage-first heap   total reserved 3997696K, committed 79872K, used 63003K [0x000000070c000000, 0x0000000800000000)
  region size 2048K, 22 young (45056K), 3 survivors (6144K)
 Metaspace       used 64542K, committed 65088K, reserved 1114112K
  class space    used 9056K, committed 9280K, reserved 1048576K
}
Event: 20.939 GC heap after
{Heap after GC invocations=14 (full 0):
 garbage-first heap   total reserved 3997696K, committed 79872K, used 29137K [0x000000070c000000, 0x0000000800000000)
  region size 2048K, 2 young (4096K), 2 survivors (4096K)
 Metaspace       used 64542K, committed 65088K, reserved 1114112K
  class space    used 9056K, committed 9280K, reserved 1048576K
}

